2024-11-03 15:12:16,454 [Worker-7: Loading available Gradle versions] INFO  o.e.b.c.i.u.g.PublishedGradleVersions - Gradle version information cache is not available. Remote download required.
2024-11-04 07:46:25,187 [Worker-80: Launching mavenrun-b29a07b5-6d82-494c-b6da-9a5da76f9593] INFO  o.eclipse.m2e.core.internal.Bundles - getClasspathEntries(Bundle=org.eclipse.m2e.maven.runtime_3.9.900.20240824-1409 [359])
2024-11-04 07:46:25,196 [Worker-80: Launching mavenrun-b29a07b5-6d82-494c-b6da-9a5da76f9593] INFO  o.eclipse.m2e.core.internal.Bundles - 	Entry: C:\Users\rajaa\Desktop\softwares\sts\sts-4.25.0.RELEASE\plugins\org.eclipse.m2e.maven.runtime_3.9.900.20240824-1409
2024-11-04 07:46:25,196 [Worker-80: Launching mavenrun-b29a07b5-6d82-494c-b6da-9a5da76f9593] INFO  o.eclipse.m2e.core.internal.Bundles - 	Entry: C:\Users\rajaa\Desktop\softwares\sts\sts-4.25.0.RELEASE\plugins\org.eclipse.m2e.maven.runtime_3.9.900.20240824-1409\jars\aopalliance-1.0.jar
2024-11-04 07:46:25,197 [Worker-80: Launching mavenrun-b29a07b5-6d82-494c-b6da-9a5da76f9593] INFO  o.eclipse.m2e.core.internal.Bundles - 	Entry: C:\Users\rajaa\Desktop\softwares\sts\sts-4.25.0.RELEASE\plugins\org.eclipse.m2e.maven.runtime_3.9.900.20240824-1409\jars\guice-5.1.0.jar
2024-11-04 07:46:25,197 [Worker-80: Launching mavenrun-b29a07b5-6d82-494c-b6da-9a5da76f9593] INFO  o.eclipse.m2e.core.internal.Bundles - 	Entry: C:\Users\rajaa\Desktop\softwares\sts\sts-4.25.0.RELEASE\plugins\org.eclipse.m2e.maven.runtime_3.9.900.20240824-1409\jars\httpclient-4.5.14.jar
2024-11-04 07:46:25,197 [Worker-80: Launching mavenrun-b29a07b5-6d82-494c-b6da-9a5da76f9593] INFO  o.eclipse.m2e.core.internal.Bundles - 	Entry: C:\Users\rajaa\Desktop\softwares\sts\sts-4.25.0.RELEASE\plugins\org.eclipse.m2e.maven.runtime_3.9.900.20240824-1409\jars\httpcore-4.4.16.jar
2024-11-04 07:46:25,197 [Worker-80: Launching mavenrun-b29a07b5-6d82-494c-b6da-9a5da76f9593] INFO  o.eclipse.m2e.core.internal.Bundles - 	Entry: C:\Users\rajaa\Desktop\softwares\sts\sts-4.25.0.RELEASE\plugins\org.eclipse.m2e.maven.runtime_3.9.900.20240824-1409\jars\jansi-2.4.1.jar
2024-11-04 07:46:25,197 [Worker-80: Launching mavenrun-b29a07b5-6d82-494c-b6da-9a5da76f9593] INFO  o.eclipse.m2e.core.internal.Bundles - 	Entry: C:\Users\rajaa\Desktop\softwares\sts\sts-4.25.0.RELEASE\plugins\org.eclipse.m2e.maven.runtime_3.9.900.20240824-1409\jars\jcl-over-slf4j-1.7.36.jar
2024-11-04 07:46:25,198 [Worker-80: Launching mavenrun-b29a07b5-6d82-494c-b6da-9a5da76f9593] INFO  o.eclipse.m2e.core.internal.Bundles - 	Entry: C:\Users\rajaa\Desktop\softwares\sts\sts-4.25.0.RELEASE\plugins\org.eclipse.m2e.maven.runtime_3.9.900.20240824-1409\jars\maven-artifact-3.9.9.jar
2024-11-04 07:46:25,198 [Worker-80: Launching mavenrun-b29a07b5-6d82-494c-b6da-9a5da76f9593] INFO  o.eclipse.m2e.core.internal.Bundles - 	Entry: C:\Users\rajaa\Desktop\softwares\sts\sts-4.25.0.RELEASE\plugins\org.eclipse.m2e.maven.runtime_3.9.900.20240824-1409\jars\maven-builder-support-3.9.9.jar
2024-11-04 07:46:25,198 [Worker-80: Launching mavenrun-b29a07b5-6d82-494c-b6da-9a5da76f9593] INFO  o.eclipse.m2e.core.internal.Bundles - 	Entry: C:\Users\rajaa\Desktop\softwares\sts\sts-4.25.0.RELEASE\plugins\org.eclipse.m2e.maven.runtime_3.9.900.20240824-1409\jars\maven-compat-3.9.9.jar
2024-11-04 07:46:25,198 [Worker-80: Launching mavenrun-b29a07b5-6d82-494c-b6da-9a5da76f9593] INFO  o.eclipse.m2e.core.internal.Bundles - 	Entry: C:\Users\rajaa\Desktop\softwares\sts\sts-4.25.0.RELEASE\plugins\org.eclipse.m2e.maven.runtime_3.9.900.20240824-1409\jars\maven-core-3.9.9.jar
2024-11-04 07:46:25,198 [Worker-80: Launching mavenrun-b29a07b5-6d82-494c-b6da-9a5da76f9593] INFO  o.eclipse.m2e.core.internal.Bundles - 	Entry: C:\Users\rajaa\Desktop\softwares\sts\sts-4.25.0.RELEASE\plugins\org.eclipse.m2e.maven.runtime_3.9.900.20240824-1409\jars\maven-embedder-3.9.9.jar
2024-11-04 07:46:25,199 [Worker-80: Launching mavenrun-b29a07b5-6d82-494c-b6da-9a5da76f9593] INFO  o.eclipse.m2e.core.internal.Bundles - 	Entry: C:\Users\rajaa\Desktop\softwares\sts\sts-4.25.0.RELEASE\plugins\org.eclipse.m2e.maven.runtime_3.9.900.20240824-1409\jars\maven-model-3.9.9.jar
2024-11-04 07:46:25,199 [Worker-80: Launching mavenrun-b29a07b5-6d82-494c-b6da-9a5da76f9593] INFO  o.eclipse.m2e.core.internal.Bundles - 	Entry: C:\Users\rajaa\Desktop\softwares\sts\sts-4.25.0.RELEASE\plugins\org.eclipse.m2e.maven.runtime_3.9.900.20240824-1409\jars\maven-model-builder-3.9.9.jar
2024-11-04 07:46:25,199 [Worker-80: Launching mavenrun-b29a07b5-6d82-494c-b6da-9a5da76f9593] INFO  o.eclipse.m2e.core.internal.Bundles - 	Entry: C:\Users\rajaa\Desktop\softwares\sts\sts-4.25.0.RELEASE\plugins\org.eclipse.m2e.maven.runtime_3.9.900.20240824-1409\jars\maven-plugin-api-3.9.9.jar
2024-11-04 07:46:25,199 [Worker-80: Launching mavenrun-b29a07b5-6d82-494c-b6da-9a5da76f9593] INFO  o.eclipse.m2e.core.internal.Bundles - 	Entry: C:\Users\rajaa\Desktop\softwares\sts\sts-4.25.0.RELEASE\plugins\org.eclipse.m2e.maven.runtime_3.9.900.20240824-1409\jars\maven-repository-metadata-3.9.9.jar
2024-11-04 07:46:25,199 [Worker-80: Launching mavenrun-b29a07b5-6d82-494c-b6da-9a5da76f9593] INFO  o.eclipse.m2e.core.internal.Bundles - 	Entry: C:\Users\rajaa\Desktop\softwares\sts\sts-4.25.0.RELEASE\plugins\org.eclipse.m2e.maven.runtime_3.9.900.20240824-1409\jars\maven-resolver-api-1.9.22.jar
2024-11-04 07:46:25,199 [Worker-80: Launching mavenrun-b29a07b5-6d82-494c-b6da-9a5da76f9593] INFO  o.eclipse.m2e.core.internal.Bundles - 	Entry: C:\Users\rajaa\Desktop\softwares\sts\sts-4.25.0.RELEASE\plugins\org.eclipse.m2e.maven.runtime_3.9.900.20240824-1409\jars\maven-resolver-connector-basic-1.9.22.jar
2024-11-04 07:46:25,200 [Worker-80: Launching mavenrun-b29a07b5-6d82-494c-b6da-9a5da76f9593] INFO  o.eclipse.m2e.core.internal.Bundles - 	Entry: C:\Users\rajaa\Desktop\softwares\sts\sts-4.25.0.RELEASE\plugins\org.eclipse.m2e.maven.runtime_3.9.900.20240824-1409\jars\maven-resolver-impl-1.9.22.jar
2024-11-04 07:46:25,200 [Worker-80: Launching mavenrun-b29a07b5-6d82-494c-b6da-9a5da76f9593] INFO  o.eclipse.m2e.core.internal.Bundles - 	Entry: C:\Users\rajaa\Desktop\softwares\sts\sts-4.25.0.RELEASE\plugins\org.eclipse.m2e.maven.runtime_3.9.900.20240824-1409\jars\maven-resolver-named-locks-1.9.22.jar
2024-11-04 07:46:25,200 [Worker-80: Launching mavenrun-b29a07b5-6d82-494c-b6da-9a5da76f9593] INFO  o.eclipse.m2e.core.internal.Bundles - 	Entry: C:\Users\rajaa\Desktop\softwares\sts\sts-4.25.0.RELEASE\plugins\org.eclipse.m2e.maven.runtime_3.9.900.20240824-1409\jars\maven-resolver-provider-3.9.9.jar
2024-11-04 07:46:25,200 [Worker-80: Launching mavenrun-b29a07b5-6d82-494c-b6da-9a5da76f9593] INFO  o.eclipse.m2e.core.internal.Bundles - 	Entry: C:\Users\rajaa\Desktop\softwares\sts\sts-4.25.0.RELEASE\plugins\org.eclipse.m2e.maven.runtime_3.9.900.20240824-1409\jars\maven-resolver-spi-1.9.22.jar
2024-11-04 07:46:25,200 [Worker-80: Launching mavenrun-b29a07b5-6d82-494c-b6da-9a5da76f9593] INFO  o.eclipse.m2e.core.internal.Bundles - 	Entry: C:\Users\rajaa\Desktop\softwares\sts\sts-4.25.0.RELEASE\plugins\org.eclipse.m2e.maven.runtime_3.9.900.20240824-1409\jars\maven-resolver-transport-file-1.9.22.jar
2024-11-04 07:46:25,201 [Worker-80: Launching mavenrun-b29a07b5-6d82-494c-b6da-9a5da76f9593] INFO  o.eclipse.m2e.core.internal.Bundles - 	Entry: C:\Users\rajaa\Desktop\softwares\sts\sts-4.25.0.RELEASE\plugins\org.eclipse.m2e.maven.runtime_3.9.900.20240824-1409\jars\maven-resolver-transport-http-1.9.22.jar
2024-11-04 07:46:25,201 [Worker-80: Launching mavenrun-b29a07b5-6d82-494c-b6da-9a5da76f9593] INFO  o.eclipse.m2e.core.internal.Bundles - 	Entry: C:\Users\rajaa\Desktop\softwares\sts\sts-4.25.0.RELEASE\plugins\org.eclipse.m2e.maven.runtime_3.9.900.20240824-1409\jars\maven-resolver-transport-wagon-1.9.22.jar
2024-11-04 07:46:25,201 [Worker-80: Launching mavenrun-b29a07b5-6d82-494c-b6da-9a5da76f9593] INFO  o.eclipse.m2e.core.internal.Bundles - 	Entry: C:\Users\rajaa\Desktop\softwares\sts\sts-4.25.0.RELEASE\plugins\org.eclipse.m2e.maven.runtime_3.9.900.20240824-1409\jars\maven-resolver-util-1.9.22.jar
2024-11-04 07:46:25,201 [Worker-80: Launching mavenrun-b29a07b5-6d82-494c-b6da-9a5da76f9593] INFO  o.eclipse.m2e.core.internal.Bundles - 	Entry: C:\Users\rajaa\Desktop\softwares\sts\sts-4.25.0.RELEASE\plugins\org.eclipse.m2e.maven.runtime_3.9.900.20240824-1409\jars\maven-settings-3.9.9.jar
2024-11-04 07:46:25,201 [Worker-80: Launching mavenrun-b29a07b5-6d82-494c-b6da-9a5da76f9593] INFO  o.eclipse.m2e.core.internal.Bundles - 	Entry: C:\Users\rajaa\Desktop\softwares\sts\sts-4.25.0.RELEASE\plugins\org.eclipse.m2e.maven.runtime_3.9.900.20240824-1409\jars\maven-settings-builder-3.9.9.jar
2024-11-04 07:46:25,202 [Worker-80: Launching mavenrun-b29a07b5-6d82-494c-b6da-9a5da76f9593] INFO  o.eclipse.m2e.core.internal.Bundles - 	Entry: C:\Users\rajaa\Desktop\softwares\sts\sts-4.25.0.RELEASE\plugins\org.eclipse.m2e.maven.runtime_3.9.900.20240824-1409\jars\maven-shared-utils-3.4.2.jar
2024-11-04 07:46:25,202 [Worker-80: Launching mavenrun-b29a07b5-6d82-494c-b6da-9a5da76f9593] INFO  o.eclipse.m2e.core.internal.Bundles - 	Entry: C:\Users\rajaa\Desktop\softwares\sts\sts-4.25.0.RELEASE\plugins\org.eclipse.m2e.maven.runtime_3.9.900.20240824-1409\jars\org.eclipse.sisu.inject-0.9.0.M3.jar
2024-11-04 07:46:25,202 [Worker-80: Launching mavenrun-b29a07b5-6d82-494c-b6da-9a5da76f9593] INFO  o.eclipse.m2e.core.internal.Bundles - 	Entry: C:\Users\rajaa\Desktop\softwares\sts\sts-4.25.0.RELEASE\plugins\org.eclipse.m2e.maven.runtime_3.9.900.20240824-1409\jars\org.eclipse.sisu.plexus-0.9.0.M3.jar
2024-11-04 07:46:25,202 [Worker-80: Launching mavenrun-b29a07b5-6d82-494c-b6da-9a5da76f9593] INFO  o.eclipse.m2e.core.internal.Bundles - 	Entry: C:\Users\rajaa\Desktop\softwares\sts\sts-4.25.0.RELEASE\plugins\org.eclipse.m2e.maven.runtime_3.9.900.20240824-1409\jars\plexus-build-api-0.0.7.jar
2024-11-04 07:46:25,203 [Worker-80: Launching mavenrun-b29a07b5-6d82-494c-b6da-9a5da76f9593] INFO  o.eclipse.m2e.core.internal.Bundles - 	Entry: C:\Users\rajaa\Desktop\softwares\sts\sts-4.25.0.RELEASE\plugins\org.eclipse.m2e.maven.runtime_3.9.900.20240824-1409\jars\plexus-build-api-1.2.0.jar
2024-11-04 07:46:25,203 [Worker-80: Launching mavenrun-b29a07b5-6d82-494c-b6da-9a5da76f9593] INFO  o.eclipse.m2e.core.internal.Bundles - 	Entry: C:\Users\rajaa\Desktop\softwares\sts\sts-4.25.0.RELEASE\plugins\org.eclipse.m2e.maven.runtime_3.9.900.20240824-1409\jars\plexus-cipher-2.0.jar
2024-11-04 07:46:25,203 [Worker-80: Launching mavenrun-b29a07b5-6d82-494c-b6da-9a5da76f9593] INFO  o.eclipse.m2e.core.internal.Bundles - 	Entry: C:\Users\rajaa\Desktop\softwares\sts\sts-4.25.0.RELEASE\plugins\org.eclipse.m2e.maven.runtime_3.9.900.20240824-1409\jars\plexus-classworlds-2.8.0.jar
2024-11-04 07:46:25,203 [Worker-80: Launching mavenrun-b29a07b5-6d82-494c-b6da-9a5da76f9593] INFO  o.eclipse.m2e.core.internal.Bundles - 	Entry: C:\Users\rajaa\Desktop\softwares\sts\sts-4.25.0.RELEASE\plugins\org.eclipse.m2e.maven.runtime_3.9.900.20240824-1409\jars\plexus-component-annotations-2.1.0.jar
2024-11-04 07:46:25,203 [Worker-80: Launching mavenrun-b29a07b5-6d82-494c-b6da-9a5da76f9593] INFO  o.eclipse.m2e.core.internal.Bundles - 	Entry: C:\Users\rajaa\Desktop\softwares\sts\sts-4.25.0.RELEASE\plugins\org.eclipse.m2e.maven.runtime_3.9.900.20240824-1409\jars\plexus-interpolation-1.27.jar
2024-11-04 07:46:25,204 [Worker-80: Launching mavenrun-b29a07b5-6d82-494c-b6da-9a5da76f9593] INFO  o.eclipse.m2e.core.internal.Bundles - 	Entry: C:\Users\rajaa\Desktop\softwares\sts\sts-4.25.0.RELEASE\plugins\org.eclipse.m2e.maven.runtime_3.9.900.20240824-1409\jars\plexus-sec-dispatcher-2.0.jar
2024-11-04 07:46:25,204 [Worker-80: Launching mavenrun-b29a07b5-6d82-494c-b6da-9a5da76f9593] INFO  o.eclipse.m2e.core.internal.Bundles - 	Entry: C:\Users\rajaa\Desktop\softwares\sts\sts-4.25.0.RELEASE\plugins\org.eclipse.m2e.maven.runtime_3.9.900.20240824-1409\jars\plexus-utils-3.5.1.jar
2024-11-04 07:46:25,204 [Worker-80: Launching mavenrun-b29a07b5-6d82-494c-b6da-9a5da76f9593] INFO  o.eclipse.m2e.core.internal.Bundles - 	Entry: C:\Users\rajaa\Desktop\softwares\sts\sts-4.25.0.RELEASE\plugins\org.eclipse.m2e.maven.runtime_3.9.900.20240824-1409\jars\plexus-xml-3.0.1.jar
2024-11-04 07:46:25,204 [Worker-80: Launching mavenrun-b29a07b5-6d82-494c-b6da-9a5da76f9593] INFO  o.eclipse.m2e.core.internal.Bundles - 	Entry: C:\Users\rajaa\Desktop\softwares\sts\sts-4.25.0.RELEASE\plugins\org.eclipse.m2e.maven.runtime_3.9.900.20240824-1409\jars\wagon-file-3.5.3.jar
2024-11-04 07:46:25,204 [Worker-80: Launching mavenrun-b29a07b5-6d82-494c-b6da-9a5da76f9593] INFO  o.eclipse.m2e.core.internal.Bundles - 	Entry: C:\Users\rajaa\Desktop\softwares\sts\sts-4.25.0.RELEASE\plugins\org.eclipse.m2e.maven.runtime_3.9.900.20240824-1409\jars\wagon-http-3.5.3.jar
2024-11-04 07:46:25,205 [Worker-80: Launching mavenrun-b29a07b5-6d82-494c-b6da-9a5da76f9593] INFO  o.eclipse.m2e.core.internal.Bundles - 	Entry: C:\Users\rajaa\Desktop\softwares\sts\sts-4.25.0.RELEASE\plugins\org.eclipse.m2e.maven.runtime_3.9.900.20240824-1409\jars\wagon-http-shared-3.5.3.jar
2024-11-04 07:46:25,205 [Worker-80: Launching mavenrun-b29a07b5-6d82-494c-b6da-9a5da76f9593] INFO  o.eclipse.m2e.core.internal.Bundles - 	Entry: C:\Users\rajaa\Desktop\softwares\sts\sts-4.25.0.RELEASE\plugins\org.eclipse.m2e.maven.runtime_3.9.900.20240824-1409\jars\wagon-provider-api-3.5.3.jar
2024-11-04 07:46:25,206 [Worker-80: Launching mavenrun-b29a07b5-6d82-494c-b6da-9a5da76f9593] INFO  o.eclipse.m2e.core.internal.Bundles - getClasspathEntries(Bundle=com.google.guava_33.3.0.jre [29])
2024-11-04 07:46:25,207 [Worker-80: Launching mavenrun-b29a07b5-6d82-494c-b6da-9a5da76f9593] INFO  o.eclipse.m2e.core.internal.Bundles - 	Entry: C:\Users\rajaa\Desktop\softwares\sts\sts-4.25.0.RELEASE\plugins\com.google.guava_33.3.0.jre.jar
2024-11-04 07:46:25,208 [Worker-80: Launching mavenrun-b29a07b5-6d82-494c-b6da-9a5da76f9593] INFO  o.eclipse.m2e.core.internal.Bundles - getClasspathEntries(Bundle=slf4j.api_2.0.16 [592])
2024-11-04 07:46:25,209 [Worker-80: Launching mavenrun-b29a07b5-6d82-494c-b6da-9a5da76f9593] INFO  o.eclipse.m2e.core.internal.Bundles - 	Entry: C:\Users\rajaa\Desktop\softwares\sts\sts-4.25.0.RELEASE\plugins\slf4j.api_2.0.16.jar
2024-11-04 07:46:25,209 [Worker-80: Launching mavenrun-b29a07b5-6d82-494c-b6da-9a5da76f9593] INFO  o.eclipse.m2e.core.internal.Bundles - getClasspathEntries(Bundle=javax.inject_1.0.0.v20091030 [596])
2024-11-04 07:46:25,210 [Worker-80: Launching mavenrun-b29a07b5-6d82-494c-b6da-9a5da76f9593] INFO  o.eclipse.m2e.core.internal.Bundles - 	Entry: C:\Users\rajaa\Desktop\softwares\sts\sts-4.25.0.RELEASE\plugins\javax.inject_1.0.0.v20091030.jar
2024-11-04 07:46:25,210 [Worker-80: Launching mavenrun-b29a07b5-6d82-494c-b6da-9a5da76f9593] INFO  o.eclipse.m2e.core.internal.Bundles - getClasspathEntries(Bundle=javax.annotation_1.3.5.v20200909-1856 [595])
2024-11-04 07:46:25,210 [Worker-80: Launching mavenrun-b29a07b5-6d82-494c-b6da-9a5da76f9593] INFO  o.eclipse.m2e.core.internal.Bundles - 	Entry: C:\Users\rajaa\Desktop\softwares\sts\sts-4.25.0.RELEASE\plugins\javax.annotation_1.3.5.v20200909-1856.jar
2024-11-04 07:46:25,210 [Worker-80: Launching mavenrun-b29a07b5-6d82-494c-b6da-9a5da76f9593] INFO  o.eclipse.m2e.core.internal.Bundles - getClasspathEntries(Bundle=org.apache.commons.cli_1.9.0 [77])
2024-11-04 07:46:25,211 [Worker-80: Launching mavenrun-b29a07b5-6d82-494c-b6da-9a5da76f9593] INFO  o.eclipse.m2e.core.internal.Bundles - 	Entry: C:\Users\rajaa\Desktop\softwares\sts\sts-4.25.0.RELEASE\plugins\org.apache.commons.cli_1.9.0.jar
2024-11-04 07:46:25,211 [Worker-80: Launching mavenrun-b29a07b5-6d82-494c-b6da-9a5da76f9593] INFO  o.eclipse.m2e.core.internal.Bundles - getClasspathEntries(Bundle=org.apache.commons.commons-codec_1.16.0 [80])
2024-11-04 07:46:25,211 [Worker-80: Launching mavenrun-b29a07b5-6d82-494c-b6da-9a5da76f9593] INFO  o.eclipse.m2e.core.internal.Bundles - 	Entry: C:\Users\rajaa\Desktop\softwares\sts\sts-4.25.0.RELEASE\plugins\org.apache.commons.commons-codec_1.16.0.jar
2024-11-04 07:46:25,211 [Worker-80: Launching mavenrun-b29a07b5-6d82-494c-b6da-9a5da76f9593] INFO  o.eclipse.m2e.core.internal.Bundles - getClasspathEntries(Bundle=com.google.guava.failureaccess_1.0.2 [30])
2024-11-04 07:46:25,212 [Worker-80: Launching mavenrun-b29a07b5-6d82-494c-b6da-9a5da76f9593] INFO  o.eclipse.m2e.core.internal.Bundles - 	Entry: C:\Users\rajaa\Desktop\softwares\sts\sts-4.25.0.RELEASE\plugins\com.google.guava.failureaccess_1.0.2.jar
2024-11-04 07:46:25,216 [Worker-80: Launching mavenrun-b29a07b5-6d82-494c-b6da-9a5da76f9593] INFO  o.e.m.i.launch.MavenLaunchDelegate - Run build in "C:\Users\rajaa\AppData\Local\Temp\m2e-archetypeGenerator12324604595471118116":
2024-11-04 07:46:25,216 [Worker-80: Launching mavenrun-b29a07b5-6d82-494c-b6da-9a5da76f9593] INFO  o.e.m.i.launch.MavenLaunchDelegate -  mvn  -DarchetypeGroupId=org.apache.maven.archetypes -DarchetypeArtifactId=maven-archetype-quickstart -DarchetypeVersion=1.1 -DgroupId=com.springheaven.cglibproxy -DartifactId=cglibproxy -Dversion=0.0.1-SNAPSHOT -Dpackage=com.springheaven.cglibproxy.cglibproxy -DoutputDirectory=C:\Users\rajaa\Desktop\design-pattern-pro -Dstyle.color=always -U archetype:generate
2024-11-04 07:46:40,576 [Worker-81: Creating maven-archetype-quickstart] INFO  o.e.m.c.i.p.ProjectConfigurationManager - Collecting project info '/pom.xml' C:\Users\rajaa\Desktop\design-pattern-pro\cglibproxy\pom.xml
2024-11-04 07:46:41,236 [Worker-81: Creating maven-archetype-quickstart] INFO  o.e.m.c.i.l.LifecycleMappingFactory - Using org.eclipse.m2e.jdt.JarLifecycleMapping lifecycle mapping for MavenProject: com.springheaven.cglibproxy:cglibproxy:0.0.1-SNAPSHOT @ C:\Users\rajaa\Desktop\design-pattern-pro\cglibproxy\pom.xml.
2024-11-04 07:46:41,753 [Worker-81: Creating maven-archetype-quickstart] INFO  o.e.m.j.i.AbstractJavaProjectConfigurator - Adding source folder /cglibproxy/src/main/java
2024-11-04 07:46:41,755 [Worker-81: Creating maven-archetype-quickstart] INFO  o.e.m.j.i.AbstractJavaProjectConfigurator - Adding resource folder /cglibproxy/src/main/resources
2024-11-04 07:46:41,758 [Worker-81: Creating maven-archetype-quickstart] INFO  o.e.m.j.i.AbstractJavaProjectConfigurator - Adding source folder /cglibproxy/src/test/java
2024-11-04 07:46:41,759 [Worker-81: Creating maven-archetype-quickstart] INFO  o.e.m.j.i.AbstractJavaProjectConfigurator - Adding resource folder /cglibproxy/src/test/resources
2024-11-04 07:46:41,821 [Worker-81: Creating maven-archetype-quickstart] INFO  o.e.m.c.i.p.ProjectConfigurationManager - Imported and configured 1 project(s) in 1 sec
2024-11-04 07:46:42,591 [Worker-82: Building] INFO  o.a.m.s.f.DefaultMavenResourcesFiltering - skip non existing resourceDirectory C:\Users\rajaa\Desktop\design-pattern-pro\cglibproxy\src\main\resources
2024-11-04 07:46:42,595 [Worker-82: Building] INFO  o.a.m.s.f.DefaultMavenResourcesFiltering - skip non existing resourceDirectory C:\Users\rajaa\Desktop\design-pattern-pro\cglibproxy\src\test\resources
2024-11-04 07:47:05,960 [Worker-83: Building] INFO  o.a.m.s.f.DefaultMavenResourcesFiltering - skip non existing resourceDirectory C:\Users\rajaa\Desktop\design-pattern-pro\cglibproxy\src\main\resources
2024-11-04 07:47:05,962 [Worker-83: Building] INFO  o.a.m.s.f.DefaultMavenResourcesFiltering - skip non existing resourceDirectory C:\Users\rajaa\Desktop\design-pattern-pro\cglibproxy\src\test\resources
2024-11-04 07:47:29,900 [Worker-74: Building] INFO  o.a.m.s.f.DefaultMavenResourcesFiltering - skip non existing resourceDirectory C:\Users\rajaa\Desktop\design-pattern-pro\cglibproxy\src\main\resources
2024-11-04 07:47:29,902 [Worker-74: Building] INFO  o.a.m.s.f.DefaultMavenResourcesFiltering - skip non existing resourceDirectory C:\Users\rajaa\Desktop\design-pattern-pro\cglibproxy\src\test\resources
2024-11-04 07:50:35,813 [Worker-85: Building] INFO  o.e.m.c.i.l.LifecycleMappingFactory - Using org.eclipse.m2e.jdt.JarLifecycleMapping lifecycle mapping for MavenProject: com.springheaven.cglibproxy:cglibproxy:0.0.1-SNAPSHOT @ C:\Users\rajaa\Desktop\design-pattern-pro\cglibproxy\pom.xml.
2024-11-04 07:50:35,980 [Worker-85: Building] INFO  o.a.m.s.f.DefaultMavenResourcesFiltering - skip non existing resourceDirectory C:\Users\rajaa\Desktop\design-pattern-pro\cglibproxy\src\main\resources
2024-11-04 07:50:35,984 [Worker-85: Building] INFO  o.a.m.s.f.DefaultMavenResourcesFiltering - skip non existing resourceDirectory C:\Users\rajaa\Desktop\design-pattern-pro\cglibproxy\src\test\resources
2024-11-04 07:50:36,557 [Worker-84: Building] INFO  o.a.m.s.f.DefaultMavenResourcesFiltering - skip non existing resourceDirectory C:\Users\rajaa\Desktop\design-pattern-pro\cglibproxy\src\main\resources
2024-11-04 07:50:36,560 [Worker-84: Building] INFO  o.a.m.s.f.DefaultMavenResourcesFiltering - skip non existing resourceDirectory C:\Users\rajaa\Desktop\design-pattern-pro\cglibproxy\src\test\resources
2024-11-04 07:50:37,019 [Worker-74: Download sources and javadoc] INFO  o.e.m.c.i.e.AbstractTransferListenerAdapter - Downloading https://repo.maven.apache.org/maven2/org/springframework/spring-aop/6.1.14/spring-aop-6.1.14-sources.jar
2024-11-04 07:50:37,114 [Worker-74: Download sources and javadoc] INFO  o.e.m.c.i.e.AbstractTransferListenerAdapter - Downloaded https://repo.maven.apache.org/maven2/org/springframework/spring-aop/6.1.14/spring-aop-6.1.14-sources.jar
2024-11-04 07:50:37,120 [Worker-74: Download sources and javadoc] INFO  o.e.m.j.internal.DownloadSourcesJob - Downloaded sources for org.springframework:spring-aop:6.1.14
2024-11-04 07:50:37,195 [Worker-74: Download sources and javadoc] INFO  o.e.m.c.i.e.AbstractTransferListenerAdapter - Downloading https://repo.maven.apache.org/maven2/org/springframework/spring-beans/6.1.14/spring-beans-6.1.14-sources.jar
2024-11-04 07:50:37,356 [Worker-74: Download sources and javadoc] INFO  o.e.m.c.i.e.AbstractTransferListenerAdapter - Downloaded https://repo.maven.apache.org/maven2/org/springframework/spring-beans/6.1.14/spring-beans-6.1.14-sources.jar
2024-11-04 07:50:37,358 [Worker-74: Download sources and javadoc] INFO  o.e.m.j.internal.DownloadSourcesJob - Downloaded sources for org.springframework:spring-beans:6.1.14
2024-11-04 07:50:37,422 [Worker-74: Download sources and javadoc] INFO  o.e.m.c.i.e.AbstractTransferListenerAdapter - Downloading https://repo.maven.apache.org/maven2/org/springframework/spring-core/6.1.14/spring-core-6.1.14-sources.jar
2024-11-04 07:50:37,667 [Worker-74: Download sources and javadoc] INFO  o.e.m.c.i.e.AbstractTransferListenerAdapter - Downloaded https://repo.maven.apache.org/maven2/org/springframework/spring-core/6.1.14/spring-core-6.1.14-sources.jar
2024-11-04 07:50:37,670 [Worker-74: Download sources and javadoc] INFO  o.e.m.j.internal.DownloadSourcesJob - Downloaded sources for org.springframework:spring-core:6.1.14
2024-11-04 07:50:37,733 [Worker-74: Download sources and javadoc] INFO  o.e.m.c.i.e.AbstractTransferListenerAdapter - Downloading https://repo.maven.apache.org/maven2/org/springframework/spring-jcl/6.1.14/spring-jcl-6.1.14-sources.jar
2024-11-04 07:50:37,736 [Worker-74: Download sources and javadoc] INFO  o.e.m.c.i.e.AbstractTransferListenerAdapter - Downloaded https://repo.maven.apache.org/maven2/org/springframework/spring-jcl/6.1.14/spring-jcl-6.1.14-sources.jar
2024-11-04 07:50:37,739 [Worker-74: Download sources and javadoc] INFO  o.e.m.j.internal.DownloadSourcesJob - Downloaded sources for org.springframework:spring-jcl:6.1.14
2024-11-04 07:50:55,072 [Worker-90: Building] INFO  o.a.m.s.f.DefaultMavenResourcesFiltering - skip non existing resourceDirectory C:\Users\rajaa\Desktop\design-pattern-pro\cglibproxy\src\main\resources
2024-11-04 07:50:55,074 [Worker-90: Building] INFO  o.a.m.s.f.DefaultMavenResourcesFiltering - skip non existing resourceDirectory C:\Users\rajaa\Desktop\design-pattern-pro\cglibproxy\src\test\resources
2024-11-04 07:51:38,467 [Worker-84: Building] INFO  o.a.m.s.f.DefaultMavenResourcesFiltering - skip non existing resourceDirectory C:\Users\rajaa\Desktop\design-pattern-pro\cglibproxy\src\main\resources
2024-11-04 07:51:38,470 [Worker-84: Building] INFO  o.a.m.s.f.DefaultMavenResourcesFiltering - skip non existing resourceDirectory C:\Users\rajaa\Desktop\design-pattern-pro\cglibproxy\src\test\resources
2024-11-04 07:52:20,708 [Worker-87: Building] INFO  o.a.m.s.f.DefaultMavenResourcesFiltering - skip non existing resourceDirectory C:\Users\rajaa\Desktop\design-pattern-pro\cglibproxy\src\main\resources
2024-11-04 07:52:20,710 [Worker-87: Building] INFO  o.a.m.s.f.DefaultMavenResourcesFiltering - skip non existing resourceDirectory C:\Users\rajaa\Desktop\design-pattern-pro\cglibproxy\src\test\resources
2024-11-04 07:52:51,894 [Worker-90: Building] INFO  o.a.m.s.f.DefaultMavenResourcesFiltering - skip non existing resourceDirectory C:\Users\rajaa\Desktop\design-pattern-pro\cglibproxy\src\main\resources
2024-11-04 07:52:51,895 [Worker-90: Building] INFO  o.a.m.s.f.DefaultMavenResourcesFiltering - skip non existing resourceDirectory C:\Users\rajaa\Desktop\design-pattern-pro\cglibproxy\src\test\resources
2024-11-04 07:53:01,754 [Worker-74: Building] INFO  o.a.m.s.f.DefaultMavenResourcesFiltering - skip non existing resourceDirectory C:\Users\rajaa\Desktop\design-pattern-pro\cglibproxy\src\main\resources
2024-11-04 07:53:01,755 [Worker-74: Building] INFO  o.a.m.s.f.DefaultMavenResourcesFiltering - skip non existing resourceDirectory C:\Users\rajaa\Desktop\design-pattern-pro\cglibproxy\src\test\resources
2024-11-04 07:53:12,285 [Worker-90: Building] INFO  o.a.m.s.f.DefaultMavenResourcesFiltering - skip non existing resourceDirectory C:\Users\rajaa\Desktop\design-pattern-pro\cglibproxy\src\main\resources
2024-11-04 07:53:12,287 [Worker-90: Building] INFO  o.a.m.s.f.DefaultMavenResourcesFiltering - skip non existing resourceDirectory C:\Users\rajaa\Desktop\design-pattern-pro\cglibproxy\src\test\resources
2024-11-04 07:53:25,615 [Worker-86: Building] INFO  o.a.m.s.f.DefaultMavenResourcesFiltering - skip non existing resourceDirectory C:\Users\rajaa\Desktop\design-pattern-pro\cglibproxy\src\main\resources
2024-11-04 07:53:25,616 [Worker-86: Building] INFO  o.a.m.s.f.DefaultMavenResourcesFiltering - skip non existing resourceDirectory C:\Users\rajaa\Desktop\design-pattern-pro\cglibproxy\src\test\resources
2024-11-04 07:55:56,830 [Worker-87: Building] INFO  o.a.m.s.f.DefaultMavenResourcesFiltering - skip non existing resourceDirectory C:\Users\rajaa\Desktop\design-pattern-pro\cglibproxy\src\main\resources
2024-11-04 07:55:56,832 [Worker-87: Building] INFO  o.a.m.s.f.DefaultMavenResourcesFiltering - skip non existing resourceDirectory C:\Users\rajaa\Desktop\design-pattern-pro\cglibproxy\src\test\resources
2024-11-04 07:56:06,393 [Worker-93: Building] INFO  o.a.m.s.f.DefaultMavenResourcesFiltering - skip non existing resourceDirectory C:\Users\rajaa\Desktop\design-pattern-pro\cglibproxy\src\main\resources
2024-11-04 07:56:06,395 [Worker-93: Building] INFO  o.a.m.s.f.DefaultMavenResourcesFiltering - skip non existing resourceDirectory C:\Users\rajaa\Desktop\design-pattern-pro\cglibproxy\src\test\resources
2024-11-04 07:56:11,993 [Worker-94: Building] INFO  o.a.m.s.f.DefaultMavenResourcesFiltering - skip non existing resourceDirectory C:\Users\rajaa\Desktop\design-pattern-pro\cglibproxy\src\main\resources
2024-11-04 07:56:11,994 [Worker-94: Building] INFO  o.a.m.s.f.DefaultMavenResourcesFiltering - skip non existing resourceDirectory C:\Users\rajaa\Desktop\design-pattern-pro\cglibproxy\src\test\resources
2024-11-04 07:56:22,510 [Worker-95: Building] INFO  o.a.m.s.f.DefaultMavenResourcesFiltering - skip non existing resourceDirectory C:\Users\rajaa\Desktop\design-pattern-pro\cglibproxy\src\main\resources
2024-11-04 07:56:22,512 [Worker-95: Building] INFO  o.a.m.s.f.DefaultMavenResourcesFiltering - skip non existing resourceDirectory C:\Users\rajaa\Desktop\design-pattern-pro\cglibproxy\src\test\resources
2024-11-04 07:57:15,091 [Worker-89: Building] INFO  o.a.m.s.f.DefaultMavenResourcesFiltering - skip non existing resourceDirectory C:\Users\rajaa\Desktop\design-pattern-pro\cglibproxy\src\main\resources
2024-11-04 07:57:15,093 [Worker-89: Building] INFO  o.a.m.s.f.DefaultMavenResourcesFiltering - skip non existing resourceDirectory C:\Users\rajaa\Desktop\design-pattern-pro\cglibproxy\src\test\resources
2024-11-04 07:57:51,674 [Worker-94: Building] INFO  o.a.m.s.f.DefaultMavenResourcesFiltering - skip non existing resourceDirectory C:\Users\rajaa\Desktop\design-pattern-pro\cglibproxy\src\main\resources
2024-11-04 07:57:51,675 [Worker-94: Building] INFO  o.a.m.s.f.DefaultMavenResourcesFiltering - skip non existing resourceDirectory C:\Users\rajaa\Desktop\design-pattern-pro\cglibproxy\src\test\resources
